{
  "RSpec": {
    "coverage": {
      "/Users/chrisroper/Documents/Bloc/todo/spec/controllers/api/users_controller_spec.rb": [
        1,
        null,
        1,
        null,
        1,
        0,
        null,
        null,
        null,
        1,
        1,
        1,
        1,
        1,
        null,
        null,
        null
      ],
      "/Users/chrisroper/Documents/Bloc/todo/spec/rails_helper.rb": [
        null,
        1,
        1,
        null,
        1,
        1,
        1,
        null,
        null,
        null,
        null,
        null,
        null,
        null,
        null,
        null,
        null,
        null,
        null,
        null,
        null,
        null,
        null,
        null,
        null,
        null,
        1,
        null,
        1,
        null,
        1,
        null,
        null,
        null,
        null,
        1,
        null,
        null,
        null,
        null,
        null,
        null,
        null,
        null,
        null,
        null,
        null,
        null,
        null,
        null,
        1,
        null,
        null,
        1,
        null,
        null,
        null
      ],
      "/Users/chrisroper/Documents/Bloc/todo/config/environment.rb": [
        null,
        1,
        null,
        null,
        1
      ],
      "/Users/chrisroper/Documents/Bloc/todo/config/application.rb": [
        1,
        null,
        1,
        null,
        null,
        null,
        1,
        null,
        1,
        1,
        null,
        null,
        null,
        null,
        null
      ],
      "/Users/chrisroper/Documents/Bloc/todo/config/boot.rb": [
        1,
        null,
        1
      ],
      "/Users/chrisroper/Documents/Bloc/todo/config/environments/test.rb": [
        1,
        null,
        null,
        null,
        null,
        null,
        null,
        1,
        null,
        null,
        null,
        null,
        1,
        null,
        null,
        1,
        1,
        null,
        null,
        null,
        null,
        1,
        1,
        null,
        null,
        1,
        null,
        null,
        1,
        1,
        null,
        null,
        null,
        null,
        1,
        null,
        null,
        1,
        null,
        null,
        null,
        null
      ],
      "/Users/chrisroper/Documents/Bloc/todo/config/initializers/application_controller_renderer.rb": [
        null,
        null,
        null,
        null,
        null,
        null
      ],
      "/Users/chrisroper/Documents/Bloc/todo/config/initializers/assets.rb": [
        null,
        null,
        null,
        1,
        null,
        null,
        null,
        null,
        null,
        null,
        null
      ],
      "/Users/chrisroper/Documents/Bloc/todo/config/initializers/backtrace_silencers.rb": [
        null,
        null,
        null,
        null,
        null,
        null,
        null
      ],
      "/Users/chrisroper/Documents/Bloc/todo/config/initializers/cookies_serializer.rb": [
        null,
        null,
        null,
        null,
        1
      ],
      "/Users/chrisroper/Documents/Bloc/todo/config/initializers/filter_parameter_logging.rb": [
        null,
        null,
        null,
        1
      ],
      "/Users/chrisroper/Documents/Bloc/todo/config/initializers/inflections.rb": [
        null,
        null,
        null,
        null,
        null,
        null,
        null,
        null,
        null,
        null,
        null,
        null,
        null,
        null,
        null,
        null
      ],
      "/Users/chrisroper/Documents/Bloc/todo/config/initializers/mime_types.rb": [
        null,
        null,
        null,
        null
      ],
      "/Users/chrisroper/Documents/Bloc/todo/config/initializers/new_framework_defaults.rb": [
        null,
        null,
        null,
        null,
        null,
        null,
        null,
        1,
        null,
        null,
        1,
        null,
        null,
        null,
        1,
        null,
        null,
        1,
        null,
        null,
        1,
        null,
        null,
        1
      ],
      "/Users/chrisroper/Documents/Bloc/todo/config/initializers/session_store.rb": [
        null,
        null,
        1
      ],
      "/Users/chrisroper/Documents/Bloc/todo/config/initializers/wrap_parameters.rb": [
        null,
        null,
        null,
        null,
        null,
        null,
        1,
        1,
        null,
        null,
        null,
        null,
        null,
        null
      ],
      "/Users/chrisroper/Documents/Bloc/todo/spec/factories/items.rb": [
        1,
        1,
        1,
        1,
        null,
        null
      ],
      "/Users/chrisroper/Documents/Bloc/todo/spec/factories/lists.rb": [
        1,
        1,
        1,
        1,
        null,
        null
      ],
      "/Users/chrisroper/Documents/Bloc/todo/spec/factories/users.rb": [
        1,
        1,
        1,
        1,
        1,
        1,
        null,
        null
      ],
      "/Users/chrisroper/Documents/Bloc/todo/config/routes.rb": [
        1,
        1,
        null,
        1,
        null,
        1,
        null,
        1,
        1,
        1,
        null,
        null,
        1,
        1,
        null,
        null,
        1,
        null,
        null
      ],
      "/Users/chrisroper/Documents/Bloc/todo/app/helpers/application_helper.rb": [
        1,
        null
      ],
      "/Users/chrisroper/Documents/Bloc/todo/app/controllers/api/users_controller.rb": [
        1,
        null,
        1,
        null,
        1,
        0,
        0,
        null,
        null
      ],
      "/Users/chrisroper/Documents/Bloc/todo/app/controllers/api_controller.rb": [
        1,
        null,
        1,
        null,
        1,
        1,
        1,
        null,
        null
      ],
      "/Users/chrisroper/Documents/Bloc/todo/app/controllers/application_controller.rb": [
        1,
        1,
        null
      ],
      "/Users/chrisroper/Documents/Bloc/todo/spec/controllers/api_controller_spec.rb": [
        1,
        null,
        1,
        null,
        null,
        null
      ],
      "/Users/chrisroper/Documents/Bloc/todo/spec/models/item_spec.rb": [
        1,
        null,
        1,
        null,
        null,
        null,
        null,
        2,
        null,
        null,
        null,
        null,
        null,
        null,
        null
      ],
      "/Users/chrisroper/Documents/Bloc/todo/app/models/item.rb": [
        1,
        1,
        null
      ],
      "/Users/chrisroper/Documents/Bloc/todo/app/models/application_record.rb": [
        1,
        1,
        null
      ],
      "/Users/chrisroper/Documents/Bloc/todo/spec/models/list_spec.rb": [
        1,
        null,
        1,
        null,
        null,
        null,
        2,
        null,
        null,
        null,
        null,
        null,
        null,
        null
      ],
      "/Users/chrisroper/Documents/Bloc/todo/app/models/list.rb": [
        1,
        1,
        1,
        null
      ],
      "/Users/chrisroper/Documents/Bloc/todo/spec/models/user_spec.rb": [
        1,
        null,
        1,
        null,
        null,
        2,
        null,
        null,
        null,
        null,
        null,
        null,
        null,
        null,
        null,
        null,
        null,
        null,
        null,
        null
      ],
      "/Users/chrisroper/Documents/Bloc/todo/app/models/user.rb": [
        1,
        1,
        null,
        null
      ]
    },
    "timestamp": 1473256828
  }
}
